<?xml version="1.0" encoding="UTF-8"?>
<testng-results skipped="1" failed="0" ignored="0" total="1" passed="0">
  <reporter-output>
  </reporter-output>
  <suite name="Default suite" duration-ms="87" started-at="2019-01-04T21:45:26Z" finished-at="2019-01-04T21:45:26Z">
    <groups>
    </groups>
    <test name="Default test" duration-ms="87" started-at="2019-01-04T21:45:26Z" finished-at="2019-01-04T21:45:26Z">
      <class name="com.qa.Testcases.testngBrowser">
        <test-method status="FAIL" signature="initialization(java.lang.String)[pri:0, instance:com.qa.Testcases.testngBrowser@224edc67]" name="initialization" is-config="true" duration-ms="0" started-at="2019-01-04T21:45:26Z" finished-at="2019-01-04T21:45:26Z">
          <exception class="org.testng.TestNGException">
            <message>
              <![CDATA[Parameter 'browsername' is required by BeforeTest on method initialization but has not been marked @Optional or definedin C:\Users\Abdul\AppData\Local\Temp\testng-eclipse-1188305438\testng-customsuite.xml]]>
            </message>
            <full-stacktrace>
              <![CDATA[org.testng.TestNGException: Parameter 'browsername' is required by BeforeTest on method initialization but has not been marked @Optional or definedin C:\Users\Abdul\AppData\Local\Temp\testng-eclipse-1188305438\testng-customsuite.xmlat org.testng.internal.Parameters.createParams(Parameters.java:290)at org.testng.internal.Parameters.createParametersForMethod(Parameters.java:359)at org.testng.internal.Parameters.createParameters(Parameters.java:620)at org.testng.internal.Parameters.createConfigurationParameters(Parameters.java:190)at org.testng.internal.Invoker.invokeConfigurations(Invoker.java:209)at org.testng.internal.Invoker.invokeConfigurations(Invoker.java:142)at org.testng.TestRunner.beforeRun(TestRunner.java:529)at org.testng.TestRunner.run(TestRunner.java:497)at org.testng.SuiteRunner.runTest(SuiteRunner.java:455)at org.testng.SuiteRunner.runSequentially(SuiteRunner.java:450)at org.testng.SuiteRunner.privateRun(SuiteRunner.java:415)at org.testng.SuiteRunner.run(SuiteRunner.java:364)at org.testng.SuiteRunnerWorker.runSuite(SuiteRunnerWorker.java:52)at org.testng.SuiteRunnerWorker.run(SuiteRunnerWorker.java:84)at org.testng.TestNG.runSuitesSequentially(TestNG.java:1187)at org.testng.TestNG.runSuitesLocally(TestNG.java:1116)at org.testng.TestNG.runSuites(TestNG.java:1028)at org.testng.TestNG.run(TestNG.java:996)at org.testng.remote.AbstractRemoteTestNG.run(AbstractRemoteTestNG.java:114)at org.testng.remote.RemoteTestNG.initAndRun(RemoteTestNG.java:251)at org.testng.remote.RemoteTestNG.main(RemoteTestNG.java:77)]]>
            </full-stacktrace>
          </exception> <!-- org.testng.TestNGException -->
          <reporter-output>
          </reporter-output>
        </test-method> <!-- initialization -->
        <test-method status="SKIP" signature="GooglePage()[pri:1, instance:com.qa.Testcases.testngBrowser@224edc67]" name="GooglePage" duration-ms="0" started-at="2019-01-04T21:45:26Z" finished-at="2019-01-04T21:45:26Z">
          <exception class="org.testng.TestNGException">
            <message>
              <![CDATA[Parameter 'browsername' is required by BeforeTest on method initialization but has not been marked @Optional or definedin C:\Users\Abdul\AppData\Local\Temp\testng-eclipse-1188305438\testng-customsuite.xml]]>
            </message>
            <full-stacktrace>
              <![CDATA[org.testng.TestNGException: Parameter 'browsername' is required by BeforeTest on method initialization but has not been marked @Optional or definedin C:\Users\Abdul\AppData\Local\Temp\testng-eclipse-1188305438\testng-customsuite.xmlat org.testng.internal.Parameters.createParams(Parameters.java:290)at org.testng.internal.Parameters.createParametersForMethod(Parameters.java:359)at org.testng.internal.Parameters.createParameters(Parameters.java:620)at org.testng.internal.Parameters.createConfigurationParameters(Parameters.java:190)at org.testng.internal.Invoker.invokeConfigurations(Invoker.java:209)at org.testng.internal.Invoker.invokeConfigurations(Invoker.java:142)at org.testng.TestRunner.beforeRun(TestRunner.java:529)at org.testng.TestRunner.run(TestRunner.java:497)at org.testng.SuiteRunner.runTest(SuiteRunner.java:455)at org.testng.SuiteRunner.runSequentially(SuiteRunner.java:450)at org.testng.SuiteRunner.privateRun(SuiteRunner.java:415)at org.testng.SuiteRunner.run(SuiteRunner.java:364)at org.testng.SuiteRunnerWorker.runSuite(SuiteRunnerWorker.java:52)at org.testng.SuiteRunnerWorker.run(SuiteRunnerWorker.java:84)at org.testng.TestNG.runSuitesSequentially(TestNG.java:1187)at org.testng.TestNG.runSuitesLocally(TestNG.java:1116)at org.testng.TestNG.runSuites(TestNG.java:1028)at org.testng.TestNG.run(TestNG.java:996)at org.testng.remote.AbstractRemoteTestNG.run(AbstractRemoteTestNG.java:114)at org.testng.remote.RemoteTestNG.initAndRun(RemoteTestNG.java:251)at org.testng.remote.RemoteTestNG.main(RemoteTestNG.java:77)]]>
            </full-stacktrace>
          </exception> <!-- org.testng.TestNGException -->
          <reporter-output>
          </reporter-output>
        </test-method> <!-- GooglePage -->
        <test-method status="SKIP" signature="tearDown()[pri:0, instance:com.qa.Testcases.testngBrowser@224edc67]" name="tearDown" is-config="true" duration-ms="0" started-at="2019-01-04T21:45:26Z" finished-at="2019-01-04T21:45:26Z">
          <reporter-output>
          </reporter-output>
        </test-method> <!-- tearDown -->
      </class> <!-- com.qa.Testcases.testngBrowser -->
    </test> <!-- Default test -->
  </suite> <!-- Default suite -->
</testng-results>
